#
# There is insufficient memory for the Java Runtime Environment to continue.
# Native memory allocation (malloc) failed to allocate 411504 bytes. Error detail: Chunk::new
# Possible reasons:
#   The system is out of physical RAM or swap space
#   This process is running with CompressedOops enabled, and the Java Heap may be blocking the growth of the native heap
# Possible solutions:
#   Reduce memory load on the system
#   Increase physical memory or swap space
#   Check if swap backing store is full
#   Decrease Java heap size (-Xmx/-Xms)
#   Decrease number of Java threads
#   Decrease Java thread stack sizes (-Xss)
#   Set larger code cache with -XX:ReservedCodeCacheSize=
#   JVM is running with Unscaled Compressed Oops mode in which the Java heap is
#     placed in the first 4GB address space. The Java Heap base address is the
#     maximum limit for the native heap growth. Please use -XX:HeapBaseMinAddress
#     to set the Java Heap base and to place the Java Heap above 4GB virtual address.
# This output file may be truncated or incomplete.
#
#  Out of Memory Error (arena.cpp:168), pid=156, tid=13756
#
# JRE version: OpenJDK Runtime Environment (21.0.6) (build 21.0.6+-13391695-b895.109)
# Java VM: OpenJDK 64-Bit Server VM (21.0.6+-13391695-b895.109, mixed mode, tiered, compressed oops, compressed class ptrs, g1 gc, windows-amd64)
# No core dump will be written. Minidumps are not enabled by default on client versions of Windows
#

---------------  S U M M A R Y ------------

Command Line: -Dapplication.home=C:\Program Files\Android\Android Studio\jbr --add-modules=ALL-DEFAULT -Xms8m -Djdk.module.main=jdk.compiler jdk.compiler/com.sun.tools.javac.Main --system=none --patch-module=java.base=C:\Users\Mahedi\AppData\Local\Android\Sdk\platforms\android-36\core-for-system-modules.jar -d C:\Users\Mahedi\.gradle\caches\8.13\transforms\e5a69e400e6458b0684e361d5ab5f6d6-f772b48c-a4c6-4dc5-b4ae-6938e803a8c9\transformed\output\temp C:\Users\Mahedi\.gradle\caches\8.13\transforms\e5a69e400e6458b0684e361d5ab5f6d6-f772b48c-a4c6-4dc5-b4ae-6938e803a8c9\transformed\output\temp\module-info.java

Host: AMD Ryzen 5 5600G with Radeon Graphics         , 12 cores, 7G,  Windows 10 , 64 bit Build 19041 (10.0.19041.5915)
Time: Sun Sep  7 01:37:03 2025 Bangladesh Standard Time elapsed time: 0.433252 seconds (0d 0h 0m 0s)

---------------  T H R E A D  ---------------

Current thread (0x000001a8ff32b9a0):  JavaThread "C2 CompilerThread1" daemon [_thread_in_native, id=13756, stack(0x00000063d9a00000,0x00000063d9b00000) (1024K)]


Current CompileTask:
C2:433 1197       4       java.util.regex.Pattern::compile (537 bytes)

Stack: [0x00000063d9a00000,0x00000063d9b00000]
Native frames: (J=compiled Java code, j=interpreted, Vv=VM code, C=native code)
V  [jvm.dll+0x6d0639]
V  [jvm.dll+0x85eb03]
V  [jvm.dll+0x86105e]
V  [jvm.dll+0x861743]
V  [jvm.dll+0x27e6e6]
V  [jvm.dll+0xbff6d]
V  [jvm.dll+0xc04a3]
V  [jvm.dll+0x3b61ab]
V  [jvm.dll+0x3820c7]
V  [jvm.dll+0x38153a]
V  [jvm.dll+0x247c82]
V  [jvm.dll+0x247251]
V  [jvm.dll+0x1c5f04]
V  [jvm.dll+0x2569ac]
V  [jvm.dll+0x254ef6]
V  [jvm.dll+0x3f0e96]
V  [jvm.dll+0x806ed8]
V  [jvm.dll+0x6cef0d]
C  [ucrtbase.dll+0x21bb2]
C  [KERNEL32.DLL+0x17374]
C  [ntdll.dll+0x4cc91]


---------------  P R O C E S S  ---------------

Threads class SMR info:
_java_thread_list=0x000001a8ffcae870, length=12, elements={
0x000001a8f66a9160, 0x000001a8ff1c0eb0, 0x000001a8ff1c1bc0, 0x000001a8ff318410,
0x000001a8ff1c4630, 0x000001a8ff1c5080, 0x000001a8ff1c5ad0, 0x000001a8ff1d7e50,
0x000001a8ff32ce10, 0x000001a8ff460bc0, 0x000001a8ff5b2610, 0x000001a8ff32b9a0
}

Java Threads: ( => current thread )
  0x000001a8f66a9160 JavaThread "main"                              [_thread_blocked, id=9628, stack(0x00000063d8300000,0x00000063d8400000) (1024K)]
  0x000001a8ff1c0eb0 JavaThread "Reference Handler"          daemon [_thread_blocked, id=12672, stack(0x00000063d8b00000,0x00000063d8c00000) (1024K)]
  0x000001a8ff1c1bc0 JavaThread "Finalizer"                  daemon [_thread_blocked, id=12936, stack(0x00000063d8c00000,0x00000063d8d00000) (1024K)]
  0x000001a8ff318410 JavaThread "Signal Dispatcher"          daemon [_thread_blocked, id=6392, stack(0x00000063d8d00000,0x00000063d8e00000) (1024K)]
  0x000001a8ff1c4630 JavaThread "Attach Listener"            daemon [_thread_blocked, id=2352, stack(0x00000063d8e00000,0x00000063d8f00000) (1024K)]
  0x000001a8ff1c5080 JavaThread "Service Thread"             daemon [_thread_blocked, id=13080, stack(0x00000063d8f00000,0x00000063d9000000) (1024K)]
  0x000001a8ff1c5ad0 JavaThread "Monitor Deflation Thread"   daemon [_thread_blocked, id=15068, stack(0x00000063d9000000,0x00000063d9100000) (1024K)]
  0x000001a8ff1d7e50 JavaThread "C2 CompilerThread0"         daemon [_thread_in_native, id=12892, stack(0x00000063d9100000,0x00000063d9200000) (1024K)]
  0x000001a8ff32ce10 JavaThread "C1 CompilerThread0"         daemon [_thread_blocked, id=10524, stack(0x00000063d9200000,0x00000063d9300000) (1024K)]
  0x000001a8ff460bc0 JavaThread "Common-Cleaner"             daemon [_thread_blocked, id=9828, stack(0x00000063d9300000,0x00000063d9400000) (1024K)]
  0x000001a8ff5b2610 JavaThread "Notification Thread"        daemon [_thread_blocked, id=14556, stack(0x00000063d9400000,0x00000063d9500000) (1024K)]
=>0x000001a8ff32b9a0 JavaThread "C2 CompilerThread1"         daemon [_thread_in_native, id=13756, stack(0x00000063d9a00000,0x00000063d9b00000) (1024K)]
Total: 12

Other Threads:
  0x000001a8ff128ab0 VMThread "VM Thread"                           [id=13796, stack(0x00000063d8a00000,0x00000063d8b00000) (1024K)]
  0x000001a8f8a0a460 WatcherThread "VM Periodic Task Thread"        [id=13264, stack(0x00000063d8900000,0x00000063d8a00000) (1024K)]
  0x000001a8f89ac350 WorkerThread "GC Thread#0"                     [id=12732, stack(0x00000063d8400000,0x00000063d8500000) (1024K)]
  0x000001a8ff5a9210 WorkerThread "GC Thread#1"                     [id=13252, stack(0x00000063d9500000,0x00000063d9600000) (1024K)]
  0x000001a8ff688840 WorkerThread "GC Thread#2"                     [id=9996, stack(0x00000063d9600000,0x00000063d9700000) (1024K)]
  0x000001a8ff6e3130 WorkerThread "GC Thread#3"                     [id=13752, stack(0x00000063d9700000,0x00000063d9800000) (1024K)]
  0x000001a8ffad0020 WorkerThread "GC Thread#4"                     [id=11064, stack(0x00000063d9800000,0x00000063d9900000) (1024K)]
  0x000001a8ffc1aae0 WorkerThread "GC Thread#5"                     [id=280, stack(0x00000063d9900000,0x00000063d9a00000) (1024K)]
  0x000001a8ffe2ec70 WorkerThread "GC Thread#6"                     [id=1268, stack(0x00000063d9b00000,0x00000063d9c00000) (1024K)]
  0x000001a8f89bc160 ConcurrentGCThread "G1 Main Marker"            [id=6480, stack(0x00000063d8500000,0x00000063d8600000) (1024K)]
  0x000001a8f89bd400 WorkerThread "G1 Conc#0"                       [id=12736, stack(0x00000063d8600000,0x00000063d8700000) (1024K)]
  0x000001a8f89f6460 ConcurrentGCThread "G1 Refine#0"               [id=10280, stack(0x00000063d8700000,0x00000063d8800000) (1024K)]
  0x000001a8f89f6fd0 ConcurrentGCThread "G1 Service"                [id=2684, stack(0x00000063d8800000,0x00000063d8900000) (1024K)]
Total: 13

Threads with active compile tasks:
C2 CompilerThread0  448 1232       4       jdk.nio.zipfs.ZipPath::getFileName (5 bytes)
C2 CompilerThread1  448 1197       4       java.util.regex.Pattern::compile (537 bytes)
Total: 2

VM state: not at safepoint (normal execution)

VM Mutex/Monitor currently owned by a thread: None

Heap address: 0x0000000089a00000, size: 1894 MB, Compressed Oops mode: 32-bit

CDS archive(s) not mapped
Compressed class space mapped at: 0x0000000100000000-0x0000000140000000, reserved size: 1073741824
Narrow klass base: 0x0000000000000000, Narrow klass shift: 3, Narrow klass range: 0x140000000

GC Precious Log:
 CardTable entry size: 512
 Card Set container configuration: InlinePtr #cards 5 size 8 Array Of Cards #cards 12 size 40 Howl #buckets 4 coarsen threshold 1843 Howl Bitmap #cards 512 size 80 coarsen threshold 460 Card regions per heap region 1 cards per card region 2048
 CPUs: 12 total, 12 available
 Memory: 7573M
 Large Page Support: Disabled
 NUMA Support: Disabled
 Compressed Oops: Enabled (32-bit)
 Heap Region Size: 1M
 Heap Min Capacity: 8M
 Heap Initial Capacity: 8M
 Heap Max Capacity: 1894M
 Pre-touch: Disabled
 Parallel Workers: 10
 Concurrent Workers: 3
 Concurrent Refinement Workers: 10
 Periodic GC: Disabled

Heap:
 garbage-first heap   total 12288K, used 4470K [0x0000000089a00000, 0x0000000100000000)
  region size 1024K, 2 young (2048K), 1 survivors (1024K)
 Metaspace       used 16523K, committed 16704K, reserved 1114112K
  class space    used 1741K, committed 1856K, reserved 1048576K

Heap Regions: E=young(eden), S=young(survivor), O=old, HS=humongous(starts), HC=humongous(continues), CS=collection set, F=free, TAMS=top-at-mark-start, PB=parsable bottom
|   0|0x0000000089a00000, 0x0000000089b00000, 0x0000000089b00000|100%| O|  |TAMS 0x0000000089a00000| PB 0x0000000089a00000| Untracked 
|   1|0x0000000089b00000, 0x0000000089c00000, 0x0000000089c00000|100%| O|  |TAMS 0x0000000089b00000| PB 0x0000000089b00000| Untracked 
|   2|0x0000000089c00000, 0x0000000089d00000, 0x0000000089d00000|100%| O|  |TAMS 0x0000000089c00000| PB 0x0000000089c00000| Untracked 
|   3|0x0000000089d00000, 0x0000000089d5da20, 0x0000000089e00000| 36%| O|  |TAMS 0x0000000089d00000| PB 0x0000000089d00000| Untracked 
|   4|0x0000000089e00000, 0x0000000089e00000, 0x0000000089f00000|  0%| F|  |TAMS 0x0000000089e00000| PB 0x0000000089e00000| Untracked 
|   5|0x0000000089f00000, 0x0000000089f00000, 0x000000008a000000|  0%| F|  |TAMS 0x0000000089f00000| PB 0x0000000089f00000| Untracked 
|   6|0x000000008a000000, 0x000000008a100000, 0x000000008a100000|100%| S|CS|TAMS 0x000000008a000000| PB 0x000000008a000000| Complete 
|   7|0x000000008a100000, 0x000000008a100000, 0x000000008a200000|  0%| F|  |TAMS 0x000000008a100000| PB 0x000000008a100000| Untracked 
|   8|0x000000008a200000, 0x000000008a200000, 0x000000008a300000|  0%| F|  |TAMS 0x000000008a200000| PB 0x000000008a200000| Untracked 
|   9|0x000000008a300000, 0x000000008a300000, 0x000000008a400000|  0%| F|  |TAMS 0x000000008a300000| PB 0x000000008a300000| Untracked 
|  10|0x000000008a400000, 0x000000008a400000, 0x000000008a500000|  0%| F|  |TAMS 0x000000008a400000| PB 0x000000008a400000| Untracked 
|  11|0x000000008a500000, 0x000000008a5d8640, 0x000000008a600000| 84%| E|  |TAMS 0x000000008a500000| PB 0x000000008a500000| Complete 

Card table byte_map: [0x000001a8fc3d0000,0x000001a8fc790000] _byte_map_base: 0x000001a8fbf83000

Marking Bits: (CMBitMap*) 0x000001a8f89aca50
 Bits: [0x000001a8fc790000, 0x000001a8fe528000)

Polling page: 0x000001a8f6670000

Metaspace:

Usage:
  Non-class:     14.44 MB used.
      Class:      1.70 MB used.
       Both:     16.14 MB used.

Virtual space:
  Non-class space:       64.00 MB reserved,      14.50 MB ( 23%) committed,  1 nodes.
      Class space:        1.00 GB reserved,       1.81 MB ( <1%) committed,  1 nodes.
             Both:        1.06 GB reserved,      16.31 MB (  1%) committed. 

Chunk freelists:
   Non-Class:  718.00 KB
       Class:  14.11 MB
        Both:  14.81 MB

MaxMetaspaceSize: unlimited
CompressedClassSpaceSize: 1.00 GB
Initial GC threshold: 21.00 MB
Current GC threshold: 21.00 MB
CDS: off
 - commit_granule_bytes: 65536.
 - commit_granule_words: 8192.
 - virtual_space_node_default_size: 8388608.
 - enlarge_chunks_in_place: 1.
 - use_allocation_guard: 0.


Internal statistics:

num_allocs_failed_limit: 0.
num_arena_births: 58.
num_arena_deaths: 0.
num_vsnodes_births: 2.
num_vsnodes_deaths: 0.
num_space_committed: 261.
num_space_uncommitted: 0.
num_chunks_returned_to_freelist: 0.
num_chunks_taken_from_freelist: 363.
num_chunk_merges: 0.
num_chunk_splits: 252.
num_chunks_enlarged: 201.
num_inconsistent_stats: 0.

CodeHeap 'non-profiled nmethods': size=120000Kb used=368Kb max_used=368Kb free=119631Kb
 bounds [0x000001a887ad0000, 0x000001a887d40000, 0x000001a88f000000]
CodeHeap 'profiled nmethods': size=120000Kb used=2231Kb max_used=2231Kb free=117768Kb
 bounds [0x000001a880000000, 0x000001a880270000, 0x000001a887530000]
CodeHeap 'non-nmethods': size=5760Kb used=1339Kb max_used=1355Kb free=4421Kb
 bounds [0x000001a887530000, 0x000001a8877a0000, 0x000001a887ad0000]
 total_blobs=1727 nmethods=1264 adapters=368
 compilation: enabled
              stopped_count=0, restarted_count=0
 full_count=0

Compilation events (20 events):
Event: 0.431 Thread 0x000001a8ff32ce10 1228       3       java.util.EnumSet::typeCheck (59 bytes)
Event: 0.431 Thread 0x000001a8ff32ce10 nmethod 1228 0x000001a88021a910 code [0x000001a88021abc0, 0x000001a88021b600]
Event: 0.431 Thread 0x000001a8ff32ce10 1229   !   3       jdk.internal.misc.Blocker::begin (97 bytes)
Event: 0.431 Thread 0x000001a8ff32ce10 nmethod 1229 0x000001a88021ba10 code [0x000001a88021bc40, 0x000001a88021c4c8]
Event: 0.431 Thread 0x000001a8ff32ce10 1231       3       jdk.internal.misc.Blocker::currentCarrierThread (9 bytes)
Event: 0.432 Thread 0x000001a8ff32ce10 nmethod 1231 0x000001a88021c710 code [0x000001a88021c8c0, 0x000001a88021ca28]
Event: 0.432 Thread 0x000001a8ff32ce10 1230       3       java.util.ArrayDeque::pollFirst (36 bytes)
Event: 0.432 Thread 0x000001a8ff32ce10 nmethod 1230 0x000001a88021cb10 code [0x000001a88021cce0, 0x000001a88021d0b8]
Event: 0.432 Thread 0x000001a8ff32ce10 1233       3       java.lang.invoke.Invokers$Holder::linkToTargetMethod (10 bytes)
Event: 0.432 Thread 0x000001a8ff32ce10 nmethod 1233 0x000001a88021d210 code [0x000001a88021d3e0, 0x000001a88021d7e8]
Event: 0.432 Thread 0x000001a8ff32ce10 1235       3       java.lang.StringBuilder::append (10 bytes)
Event: 0.432 Thread 0x000001a8ff32ce10 nmethod 1235 0x000001a88021d910 code [0x000001a88021dac0, 0x000001a88021dc10]
Event: 0.432 Thread 0x000001a8ff32ce10 1236       3       java.lang.AbstractStringBuilder::append (67 bytes)
Event: 0.432 Thread 0x000001a8ff32ce10 nmethod 1236 0x000001a88021dd10 code [0x000001a88021df20, 0x000001a88021e570]
Event: 0.432 Thread 0x000001a8ff32ce10 1234       3       java.lang.invoke.DirectMethodHandle$Holder::newInvokeSpecial (24 bytes)
Event: 0.432 Thread 0x000001a8ff32ce10 nmethod 1234 0x000001a88021e710 code [0x000001a88021e900, 0x000001a88021f020]
Event: 0.432 Thread 0x000001a8ff32ce10 1237       3       com.sun.tools.javac.code.Symbol::complete (30 bytes)
Event: 0.432 Thread 0x000001a8ff32ce10 nmethod 1237 0x000001a88021f210 code [0x000001a88021f3c0, 0x000001a88021f648]
Event: 0.432 Thread 0x000001a8ff32ce10 1238       3       java.util.EnumSet::allOf (11 bytes)
Event: 0.432 Thread 0x000001a8ff32ce10 nmethod 1238 0x000001a88021f710 code [0x000001a88021f8c0, 0x000001a88021faa8]

GC Heap History (18 events):
Event: 0.111 GC heap before
{Heap before GC invocations=0 (full 0):
 garbage-first heap   total 8192K, used 2048K [0x0000000089a00000, 0x0000000100000000)
  region size 1024K, 3 young (3072K), 0 survivors (0K)
 Metaspace       used 6940K, committed 7104K, reserved 1114112K
  class space    used 644K, committed 768K, reserved 1048576K
}
Event: 0.113 GC heap after
{Heap after GC invocations=1 (full 0):
 garbage-first heap   total 8192K, used 960K [0x0000000089a00000, 0x0000000100000000)
  region size 1024K, 1 young (1024K), 1 survivors (1024K)
 Metaspace       used 6940K, committed 7104K, reserved 1114112K
  class space    used 644K, committed 768K, reserved 1048576K
}
Event: 0.140 GC heap before
{Heap before GC invocations=1 (full 0):
 garbage-first heap   total 8192K, used 3008K [0x0000000089a00000, 0x0000000100000000)
  region size 1024K, 3 young (3072K), 1 survivors (1024K)
 Metaspace       used 7925K, committed 8064K, reserved 1114112K
  class space    used 752K, committed 832K, reserved 1048576K
}
Event: 0.141 GC heap after
{Heap after GC invocations=2 (full 0):
 garbage-first heap   total 8192K, used 943K [0x0000000089a00000, 0x0000000100000000)
  region size 1024K, 1 young (1024K), 1 survivors (1024K)
 Metaspace       used 7925K, committed 8064K, reserved 1114112K
  class space    used 752K, committed 832K, reserved 1048576K
}
Event: 0.175 GC heap before
{Heap before GC invocations=2 (full 0):
 garbage-first heap   total 8192K, used 2991K [0x0000000089a00000, 0x0000000100000000)
  region size 1024K, 3 young (3072K), 1 survivors (1024K)
 Metaspace       used 9100K, committed 9280K, reserved 1114112K
  class space    used 893K, committed 1024K, reserved 1048576K
}
Event: 0.175 GC heap after
{Heap after GC invocations=3 (full 0):
 garbage-first heap   total 8192K, used 1097K [0x0000000089a00000, 0x0000000100000000)
  region size 1024K, 1 young (1024K), 1 survivors (1024K)
 Metaspace       used 9100K, committed 9280K, reserved 1114112K
  class space    used 893K, committed 1024K, reserved 1048576K
}
Event: 0.199 GC heap before
{Heap before GC invocations=3 (full 0):
 garbage-first heap   total 8192K, used 3145K [0x0000000089a00000, 0x0000000100000000)
  region size 1024K, 4 young (4096K), 1 survivors (1024K)
 Metaspace       used 9983K, committed 10240K, reserved 1114112K
  class space    used 1036K, committed 1152K, reserved 1048576K
}
Event: 0.200 GC heap after
{Heap after GC invocations=4 (full 0):
 garbage-first heap   total 8192K, used 1554K [0x0000000089a00000, 0x0000000100000000)
  region size 1024K, 1 young (1024K), 1 survivors (1024K)
 Metaspace       used 9983K, committed 10240K, reserved 1114112K
  class space    used 1036K, committed 1152K, reserved 1048576K
}
Event: 0.226 GC heap before
{Heap before GC invocations=4 (full 0):
 garbage-first heap   total 8192K, used 3602K [0x0000000089a00000, 0x0000000100000000)
  region size 1024K, 4 young (4096K), 1 survivors (1024K)
 Metaspace       used 10860K, committed 11072K, reserved 1114112K
  class space    used 1157K, committed 1280K, reserved 1048576K
}
Event: 0.227 GC heap after
{Heap after GC invocations=5 (full 0):
 garbage-first heap   total 10240K, used 1732K [0x0000000089a00000, 0x0000000100000000)
  region size 1024K, 1 young (1024K), 1 survivors (1024K)
 Metaspace       used 10860K, committed 11072K, reserved 1114112K
  class space    used 1157K, committed 1280K, reserved 1048576K
}
Event: 0.252 GC heap before
{Heap before GC invocations=5 (full 0):
 garbage-first heap   total 10240K, used 4804K [0x0000000089a00000, 0x0000000100000000)
  region size 1024K, 5 young (5120K), 1 survivors (1024K)
 Metaspace       used 11935K, committed 12160K, reserved 1114112K
  class space    used 1278K, committed 1408K, reserved 1048576K
}
Event: 0.253 GC heap after
{Heap after GC invocations=6 (full 0):
 garbage-first heap   total 10240K, used 1729K [0x0000000089a00000, 0x0000000100000000)
  region size 1024K, 1 young (1024K), 1 survivors (1024K)
 Metaspace       used 11935K, committed 12160K, reserved 1114112K
  class space    used 1278K, committed 1408K, reserved 1048576K
}
Event: 0.292 GC heap before
{Heap before GC invocations=6 (full 0):
 garbage-first heap   total 10240K, used 5825K [0x0000000089a00000, 0x0000000100000000)
  region size 1024K, 6 young (6144K), 1 survivors (1024K)
 Metaspace       used 13381K, committed 13568K, reserved 1114112K
  class space    used 1449K, committed 1536K, reserved 1048576K
}
Event: 0.292 GC heap after
{Heap after GC invocations=7 (full 0):
 garbage-first heap   total 10240K, used 2168K [0x0000000089a00000, 0x0000000100000000)
  region size 1024K, 1 young (1024K), 1 survivors (1024K)
 Metaspace       used 13381K, committed 13568K, reserved 1114112K
  class space    used 1449K, committed 1536K, reserved 1048576K
}
Event: 0.377 GC heap before
{Heap before GC invocations=7 (full 0):
 garbage-first heap   total 10240K, used 7288K [0x0000000089a00000, 0x0000000100000000)
  region size 1024K, 6 young (6144K), 1 survivors (1024K)
 Metaspace       used 15789K, committed 16000K, reserved 1114112K
  class space    used 1670K, committed 1792K, reserved 1048576K
}
Event: 0.379 GC heap after
{Heap after GC invocations=8 (full 0):
 garbage-first heap   total 10240K, used 3391K [0x0000000089a00000, 0x0000000100000000)
  region size 1024K, 1 young (1024K), 1 survivors (1024K)
 Metaspace       used 15789K, committed 16000K, reserved 1114112K
  class space    used 1670K, committed 1792K, reserved 1048576K
}
Event: 0.414 GC heap before
{Heap before GC invocations=8 (full 0):
 garbage-first heap   total 10240K, used 7487K [0x0000000089a00000, 0x0000000100000000)
  region size 1024K, 5 young (5120K), 1 survivors (1024K)
 Metaspace       used 16005K, committed 16192K, reserved 1114112K
  class space    used 1680K, committed 1792K, reserved 1048576K
}
Event: 0.415 GC heap after
{Heap after GC invocations=9 (full 0):
 garbage-first heap   total 12288K, used 3797K [0x0000000089a00000, 0x0000000100000000)
  region size 1024K, 1 young (1024K), 1 survivors (1024K)
 Metaspace       used 16005K, committed 16192K, reserved 1114112K
  class space    used 1680K, committed 1792K, reserved 1048576K
}

Dll operation events (2 events):
Event: 0.005 Loaded shared library C:\Program Files\Android\Android Studio\jbr\bin\java.dll
Event: 0.007 Loaded shared library C:\Program Files\Android\Android Studio\jbr\bin\zip.dll

Deoptimization events (20 events):
Event: 0.147 Thread 0x000001a8f66a9160 Uncommon trap: trap_request=0xffffffde fr.pc=0x000001a887aef584 relative=0x0000000000000624
Event: 0.147 Thread 0x000001a8f66a9160 Uncommon trap: reason=class_check action=maybe_recompile pc=0x000001a887aef584 method=java.util.HashMap.putVal(ILjava/lang/Object;Ljava/lang/Object;ZZ)Ljava/lang/Object; @ 253 c2
Event: 0.147 Thread 0x000001a8f66a9160 DEOPT PACKING pc=0x000001a887aef584 sp=0x00000063d83fe980
Event: 0.147 Thread 0x000001a8f66a9160 DEOPT UNPACKING pc=0x000001a8875846a2 sp=0x00000063d83fe930 mode 2
Event: 0.181 Thread 0x000001a8f66a9160 DEOPT PACKING pc=0x000001a88002f74c sp=0x00000063d83f8950
Event: 0.181 Thread 0x000001a8f66a9160 DEOPT UNPACKING pc=0x000001a887584e42 sp=0x00000063d83f7d70 mode 0
Event: 0.188 Thread 0x000001a8f66a9160 DEOPT PACKING pc=0x000001a88002e6cc sp=0x00000063d83fa930
Event: 0.188 Thread 0x000001a8f66a9160 DEOPT UNPACKING pc=0x000001a887584e42 sp=0x00000063d83f9d98 mode 0
Event: 0.301 Thread 0x000001a8f66a9160 Uncommon trap: trap_request=0xffffff45 fr.pc=0x000001a887afe238 relative=0x00000000000004d8
Event: 0.301 Thread 0x000001a8f66a9160 Uncommon trap: reason=unstable_if action=reinterpret pc=0x000001a887afe238 method=java.lang.StringLatin1.replace([BCC)Ljava/lang/String; @ 19 c2
Event: 0.301 Thread 0x000001a8f66a9160 DEOPT PACKING pc=0x000001a887afe238 sp=0x00000063d83fe970
Event: 0.301 Thread 0x000001a8f66a9160 DEOPT UNPACKING pc=0x000001a8875846a2 sp=0x00000063d83fe8f0 mode 2
Event: 0.379 Thread 0x000001a8ff1c0eb0 Uncommon trap: trap_request=0xffffff45 fr.pc=0x000001a887b0f860 relative=0x0000000000000040
Event: 0.379 Thread 0x000001a8ff1c0eb0 Uncommon trap: reason=unstable_if action=reinterpret pc=0x000001a887b0f860 method=java.util.concurrent.locks.AbstractQueuedSynchronizer.signalNext(Ljava/util/concurrent/locks/AbstractQueuedSynchronizer$Node;)V @ 1 c2
Event: 0.379 Thread 0x000001a8ff1c0eb0 DEOPT PACKING pc=0x000001a887b0f860 sp=0x00000063d8bff1e0
Event: 0.379 Thread 0x000001a8ff1c0eb0 DEOPT UNPACKING pc=0x000001a8875846a2 sp=0x00000063d8bff170 mode 2
Event: 0.379 Thread 0x000001a8ff1c0eb0 Uncommon trap: trap_request=0xffffff45 fr.pc=0x000001a887b10078 relative=0x0000000000000158
Event: 0.379 Thread 0x000001a8ff1c0eb0 Uncommon trap: reason=unstable_if action=reinterpret pc=0x000001a887b10078 method=java.util.concurrent.locks.ReentrantLock$NonfairSync.initialTryLock()Z @ 10 c2
Event: 0.379 Thread 0x000001a8ff1c0eb0 DEOPT PACKING pc=0x000001a887b10078 sp=0x00000063d8bff1c0
Event: 0.379 Thread 0x000001a8ff1c0eb0 DEOPT UNPACKING pc=0x000001a8875846a2 sp=0x00000063d8bff168 mode 2

Classes loaded (20 events):
Event: 0.365 Loading class java/nio/file/DirectoryIteratorException
Event: 0.365 Loading class java/util/ConcurrentModificationException
Event: 0.365 Loading class java/util/ConcurrentModificationException done
Event: 0.365 Loading class java/nio/file/DirectoryIteratorException done
Event: 0.365 Loading class java/nio/file/FileTreeWalker$DirectoryNode
Event: 0.365 Loading class java/nio/file/FileTreeWalker$DirectoryNode done
Event: 0.366 Loading class java/nio/file/FileTreeWalker$Event
Event: 0.366 Loading class java/nio/file/FileTreeWalker$Event done
Event: 0.366 Loading class java/nio/file/FileTreeWalker$EventType
Event: 0.366 Loading class java/nio/file/FileTreeWalker$EventType done
Event: 0.366 Loading class java/nio/file/Files$3
Event: 0.366 Loading class java/nio/file/Files$3 done
Event: 0.366 Loading class java/nio/file/FileVisitResult
Event: 0.366 Loading class java/nio/file/FileVisitResult done
Event: 0.366 Loading class sun/nio/fs/BasicFileAttributesHolder
Event: 0.366 Loading class sun/nio/fs/BasicFileAttributesHolder done
Event: 0.382 Loading class java/util/ComparableTimSort
Event: 0.383 Loading class java/util/ComparableTimSort done
Event: 0.383 Loading class java/nio/file/FileTreeWalker$1
Event: 0.383 Loading class java/nio/file/FileTreeWalker$1 done

Classes unloaded (0 events):
No events

Classes redefined (0 events):
No events

Internal exceptions (20 events):
Event: 0.429 Thread 0x000001a8f66a9160 Exception <a 'sun/nio/fs/WindowsException'{0x000000008a2fe8a8}> (0x000000008a2fe8a8) 
thrown [s\src\hotspot\share\prims\jni.cpp, line 535]
Event: 0.429 Thread 0x000001a8f66a9160 Exception <a 'sun/nio/fs/WindowsException'{0x000000008a108bb0}> (0x000000008a108bb0) 
thrown [s\src\hotspot\share\prims\jni.cpp, line 535]
Event: 0.429 Thread 0x000001a8f66a9160 Exception <a 'sun/nio/fs/WindowsException'{0x000000008a11b678}> (0x000000008a11b678) 
thrown [s\src\hotspot\share\prims\jni.cpp, line 535]
Event: 0.429 Thread 0x000001a8f66a9160 Exception <a 'sun/nio/fs/WindowsException'{0x000000008a11ec00}> (0x000000008a11ec00) 
thrown [s\src\hotspot\share\prims\jni.cpp, line 535]
Event: 0.430 Thread 0x000001a8f66a9160 Exception <a 'sun/nio/fs/WindowsException'{0x000000008a1277d0}> (0x000000008a1277d0) 
thrown [s\src\hotspot\share\prims\jni.cpp, line 535]
Event: 0.430 Thread 0x000001a8f66a9160 Exception <a 'sun/nio/fs/WindowsException'{0x000000008a12b8b0}> (0x000000008a12b8b0) 
thrown [s\src\hotspot\share\prims\jni.cpp, line 535]
Event: 0.430 Thread 0x000001a8f66a9160 Exception <a 'sun/nio/fs/WindowsException'{0x000000008a134458}> (0x000000008a134458) 
thrown [s\src\hotspot\share\prims\jni.cpp, line 535]
Event: 0.430 Thread 0x000001a8f66a9160 Exception <a 'sun/nio/fs/WindowsException'{0x000000008a144648}> (0x000000008a144648) 
thrown [s\src\hotspot\share\prims\jni.cpp, line 535]
Event: 0.430 Thread 0x000001a8f66a9160 Exception <a 'sun/nio/fs/WindowsException'{0x000000008a1496e0}> (0x000000008a1496e0) 
thrown [s\src\hotspot\share\prims\jni.cpp, line 535]
Event: 0.430 Thread 0x000001a8f66a9160 Exception <a 'sun/nio/fs/WindowsException'{0x000000008a1511b0}> (0x000000008a1511b0) 
thrown [s\src\hotspot\share\prims\jni.cpp, line 535]
Event: 0.430 Thread 0x000001a8f66a9160 Exception <a 'sun/nio/fs/WindowsException'{0x000000008a155150}> (0x000000008a155150) 
thrown [s\src\hotspot\share\prims\jni.cpp, line 535]
Event: 0.431 Thread 0x000001a8f66a9160 Exception <a 'sun/nio/fs/WindowsException'{0x000000008a15d990}> (0x000000008a15d990) 
thrown [s\src\hotspot\share\prims\jni.cpp, line 535]
Event: 0.431 Thread 0x000001a8f66a9160 Exception <a 'sun/nio/fs/WindowsException'{0x000000008a16c2f0}> (0x000000008a16c2f0) 
thrown [s\src\hotspot\share\prims\jni.cpp, line 535]
Event: 0.431 Thread 0x000001a8f66a9160 Exception <a 'sun/nio/fs/WindowsException'{0x000000008a173460}> (0x000000008a173460) 
thrown [s\src\hotspot\share\prims\jni.cpp, line 535]
Event: 0.431 Thread 0x000001a8f66a9160 Exception <a 'sun/nio/fs/WindowsException'{0x000000008a1949a0}> (0x000000008a1949a0) 
thrown [s\src\hotspot\share\prims\jni.cpp, line 535]
Event: 0.431 Thread 0x000001a8f66a9160 Exception <a 'sun/nio/fs/WindowsException'{0x000000008a19f318}> (0x000000008a19f318) 
thrown [s\src\hotspot\share\prims\jni.cpp, line 535]
Event: 0.432 Thread 0x000001a8f66a9160 Exception <a 'sun/nio/fs/WindowsException'{0x000000008a1b4428}> (0x000000008a1b4428) 
thrown [s\src\hotspot\share\prims\jni.cpp, line 535]
Event: 0.432 Thread 0x000001a8f66a9160 Exception <a 'sun/nio/fs/WindowsException'{0x000000008a1bf148}> (0x000000008a1bf148) 
thrown [s\src\hotspot\share\prims\jni.cpp, line 535]
Event: 0.432 Thread 0x000001a8f66a9160 Exception <a 'sun/nio/fs/WindowsException'{0x000000008a1cc690}> (0x000000008a1cc690) 
thrown [s\src\hotspot\share\prims\jni.cpp, line 535]
Event: 0.432 Thread 0x000001a8f66a9160 Exception <a 'sun/nio/fs/WindowsException'{0x000000008a1d2c90}> (0x000000008a1d2c90) 
thrown [s\src\hotspot\share\prims\jni.cpp, line 535]

ZGC Phase Switch (0 events):
No events

VM Operations (20 events):
Event: 0.140 Executing VM operation: G1CollectForAllocation (G1 Evacuation Pause)
Event: 0.141 Executing VM operation: G1CollectForAllocation (G1 Evacuation Pause) done
Event: 0.146 Executing VM operation: HandshakeAllThreads (Deoptimize)
Event: 0.146 Executing VM operation: HandshakeAllThreads (Deoptimize) done
Event: 0.162 Executing VM operation: HandshakeAllThreads (Deoptimize)
Event: 0.162 Executing VM operation: HandshakeAllThreads (Deoptimize) done
Event: 0.175 Executing VM operation: G1CollectForAllocation (G1 Evacuation Pause)
Event: 0.175 Executing VM operation: G1CollectForAllocation (G1 Evacuation Pause) done
Event: 0.199 Executing VM operation: G1CollectForAllocation (G1 Evacuation Pause)
Event: 0.200 Executing VM operation: G1CollectForAllocation (G1 Evacuation Pause) done
Event: 0.226 Executing VM operation: G1CollectForAllocation (G1 Evacuation Pause)
Event: 0.227 Executing VM operation: G1CollectForAllocation (G1 Evacuation Pause) done
Event: 0.252 Executing VM operation: G1CollectForAllocation (G1 Evacuation Pause)
Event: 0.253 Executing VM operation: G1CollectForAllocation (G1 Evacuation Pause) done
Event: 0.292 Executing VM operation: G1CollectForAllocation (G1 Evacuation Pause)
Event: 0.292 Executing VM operation: G1CollectForAllocation (G1 Evacuation Pause) done
Event: 0.377 Executing VM operation: G1CollectForAllocation (G1 Evacuation Pause)
Event: 0.379 Executing VM operation: G1CollectForAllocation (G1 Evacuation Pause) done
Event: 0.413 Executing VM operation: G1CollectForAllocation (G1 Evacuation Pause)
Event: 0.415 Executing VM operation: G1CollectForAllocation (G1 Evacuation Pause) done

Memory protections (0 events):
No events

Nmethod flushes (0 events):
No events

Events (16 events):
Event: 0.007 Thread 0x000001a8f66a9160 Thread added: 0x000001a8f66a9160
Event: 0.035 Thread 0x000001a8f66a9160 Thread added: 0x000001a8ff1c0eb0
Event: 0.035 Thread 0x000001a8f66a9160 Thread added: 0x000001a8ff1c1bc0
Event: 0.035 Thread 0x000001a8f66a9160 Thread added: 0x000001a8ff318410
Event: 0.035 Thread 0x000001a8f66a9160 Thread added: 0x000001a8ff1c4630
Event: 0.035 Thread 0x000001a8f66a9160 Thread added: 0x000001a8ff1c5080
Event: 0.035 Thread 0x000001a8f66a9160 Thread added: 0x000001a8ff1c5ad0
Event: 0.035 Thread 0x000001a8f66a9160 Thread added: 0x000001a8ff1d7e50
Event: 0.036 Thread 0x000001a8f66a9160 Thread added: 0x000001a8ff32ce10
Event: 0.062 Thread 0x000001a8f66a9160 Thread added: 0x000001a8ff460bc0
Event: 0.075 Thread 0x000001a8f66a9160 Thread added: 0x000001a8ff5b2610
Event: 0.079 Loaded shared library C:\Program Files\Android\Android Studio\jbr\bin\jimage.dll
Event: 0.083 Loaded shared library C:\Program Files\Android\Android Studio\jbr\bin\zip.dll
Event: 0.149 Loaded shared library C:\Program Files\Android\Android Studio\jbr\bin\net.dll
Event: 0.150 Loaded shared library C:\Program Files\Android\Android Studio\jbr\bin\nio.dll
Event: 0.344 Thread 0x000001a8ff32ce10 Thread added: 0x000001a8ff32b9a0


Dynamic libraries:
0x00007ff776100000 - 0x00007ff776108000 	C:\Program Files\Android\Android Studio\jbr\bin\javac.exe
0x00007ffe93690000 - 0x00007ffe93888000 	C:\Windows\SYSTEM32\ntdll.dll
0x00007ffe93430000 - 0x00007ffe934f2000 	C:\Windows\System32\KERNEL32.DLL
0x00007ffe91020000 - 0x00007ffe91317000 	C:\Windows\System32\KERNELBASE.dll
0x00007ffe90ec0000 - 0x00007ffe90fc0000 	C:\Windows\System32\ucrtbase.dll
0x00007ffe79f50000 - 0x00007ffe79f68000 	C:\Program Files\Android\Android Studio\jbr\bin\jli.dll
0x00007ffe87f60000 - 0x00007ffe87f7b000 	C:\Program Files\Android\Android Studio\jbr\bin\VCRUNTIME140.dll
0x00007ffe92f30000 - 0x00007ffe930cd000 	C:\Windows\System32\USER32.dll
0x00007ffe900b0000 - 0x00007ffe9034a000 	C:\Windows\WinSxS\amd64_microsoft.windows.common-controls_6595b64144ccf1df_6.0.19041.5915_none_60b4b9d171f9c7c7\COMCTL32.dll
0x00007ffe90fc0000 - 0x00007ffe90fe2000 	C:\Windows\System32\win32u.dll
0x00007ffe924f0000 - 0x00007ffe9258e000 	C:\Windows\System32\msvcrt.dll
0x00007ffe92e60000 - 0x00007ffe92e8b000 	C:\Windows\System32\GDI32.dll
0x00007ffe91500000 - 0x00007ffe91619000 	C:\Windows\System32\gdi32full.dll
0x00007ffe90d70000 - 0x00007ffe90e0d000 	C:\Windows\System32\msvcp_win.dll
0x00007ffe93610000 - 0x00007ffe9363f000 	C:\Windows\System32\IMM32.DLL
0x00007ffe8cb90000 - 0x00007ffe8cb9c000 	C:\Program Files\Android\Android Studio\jbr\bin\vcruntime140_1.dll
0x00007ffe635f0000 - 0x00007ffe6367d000 	C:\Program Files\Android\Android Studio\jbr\bin\msvcp140.dll
0x00007ffe371e0000 - 0x00007ffe37e6b000 	C:\Program Files\Android\Android Studio\jbr\bin\server\jvm.dll
0x00007ffe91f60000 - 0x00007ffe92011000 	C:\Windows\System32\ADVAPI32.dll
0x00007ffe92e90000 - 0x00007ffe92f2f000 	C:\Windows\System32\sechost.dll
0x00007ffe92910000 - 0x00007ffe92a36000 	C:\Windows\System32\RPCRT4.dll
0x00007ffe90ff0000 - 0x00007ffe91017000 	C:\Windows\System32\bcrypt.dll
0x00007ffe927f0000 - 0x00007ffe9285b000 	C:\Windows\System32\WS2_32.dll
0x00007ffe90ad0000 - 0x00007ffe90b1b000 	C:\Windows\SYSTEM32\POWRPROF.dll
0x00007ffe889c0000 - 0x00007ffe889ca000 	C:\Windows\SYSTEM32\VERSION.dll
0x00007ffe83fd0000 - 0x00007ffe83ff7000 	C:\Windows\SYSTEM32\WINMM.dll
0x00007ffe90a40000 - 0x00007ffe90a52000 	C:\Windows\SYSTEM32\UMPDC.dll
0x00007ffe8eec0000 - 0x00007ffe8eed2000 	C:\Windows\SYSTEM32\kernel.appcore.dll
0x00007ffe89f90000 - 0x00007ffe89f9a000 	C:\Program Files\Android\Android Studio\jbr\bin\jimage.dll
0x00007ffe904b0000 - 0x00007ffe906b1000 	C:\Windows\SYSTEM32\DBGHELP.DLL
0x00007ffe90470000 - 0x00007ffe904a4000 	C:\Windows\SYSTEM32\dbgcore.DLL
0x00007ffe91620000 - 0x00007ffe916a2000 	C:\Windows\System32\bcryptPrimitives.dll
0x00007ffe7b2c0000 - 0x00007ffe7b2e0000 	C:\Program Files\Android\Android Studio\jbr\bin\java.dll
0x00007ffe7b2a0000 - 0x00007ffe7b2b8000 	C:\Program Files\Android\Android Studio\jbr\bin\zip.dll
0x00007ffe916b0000 - 0x00007ffe91e1e000 	C:\Windows\System32\SHELL32.dll
0x00007ffe8e700000 - 0x00007ffe8eea4000 	C:\Windows\SYSTEM32\windows.storage.dll
0x00007ffe92ad0000 - 0x00007ffe92e23000 	C:\Windows\System32\combase.dll
0x00007ffe90010000 - 0x00007ffe9003b000 	C:\Windows\SYSTEM32\Wldp.dll
0x00007ffe92590000 - 0x00007ffe9265d000 	C:\Windows\System32\OLEAUT32.dll
0x00007ffe93560000 - 0x00007ffe9360d000 	C:\Windows\System32\SHCORE.dll
0x00007ffe92490000 - 0x00007ffe924eb000 	C:\Windows\System32\shlwapi.dll
0x00007ffe90c50000 - 0x00007ffe90c74000 	C:\Windows\SYSTEM32\profapi.dll
0x00007ffe882a0000 - 0x00007ffe882b0000 	C:\Program Files\Android\Android Studio\jbr\bin\net.dll
0x00007ffe885e0000 - 0x00007ffe886ea000 	C:\Windows\SYSTEM32\WINHTTP.dll
0x00007ffe8fe90000 - 0x00007ffe8fefa000 	C:\Windows\system32\mswsock.dll
0x00007ffe7b280000 - 0x00007ffe7b296000 	C:\Program Files\Android\Android Studio\jbr\bin\nio.dll

dbghelp: loaded successfully - version: 4.0.5 - missing functions: none
symbol engine: initialized successfully - sym options: 0x614 - pdb path: .;C:\Program Files\Android\Android Studio\jbr\bin;C:\Windows\SYSTEM32;C:\Windows\WinSxS\amd64_microsoft.windows.common-controls_6595b64144ccf1df_6.0.19041.5915_none_60b4b9d171f9c7c7;C:\Program Files\Android\Android Studio\jbr\bin\server

VM Arguments:
jvm_args: -Dapplication.home=C:\Program Files\Android\Android Studio\jbr --add-modules=ALL-DEFAULT -Xms8m -Djdk.module.main=jdk.compiler 
java_command: jdk.compiler/com.sun.tools.javac.Main --system=none --patch-module=java.base=C:\Users\Mahedi\AppData\Local\Android\Sdk\platforms\android-36\core-for-system-modules.jar -d C:\Users\Mahedi\.gradle\caches\8.13\transforms\e5a69e400e6458b0684e361d5ab5f6d6-f772b48c-a4c6-4dc5-b4ae-6938e803a8c9\transformed\output\temp C:\Users\Mahedi\.gradle\caches\8.13\transforms\e5a69e400e6458b0684e361d5ab5f6d6-f772b48c-a4c6-4dc5-b4ae-6938e803a8c9\transformed\output\temp\module-info.java
java_class_path (initial): <not set>
Launcher Type: SUN_STANDARD

[Global flags]
     intx CICompilerCount                          = 4                                         {product} {ergonomic}
     uint ConcGCThreads                            = 3                                         {product} {ergonomic}
     uint G1ConcRefinementThreads                  = 10                                        {product} {ergonomic}
   size_t G1HeapRegionSize                         = 1048576                                   {product} {ergonomic}
    uintx GCDrainStackTargetSize                   = 64                                        {product} {ergonomic}
   size_t InitialHeapSize                          = 8388608                                   {product} {command line}
   size_t MarkStackSize                            = 4194304                                   {product} {ergonomic}
   size_t MaxHeapSize                              = 1986002944                                {product} {ergonomic}
   size_t MaxNewSize                               = 1191182336                                {product} {ergonomic}
   size_t MinHeapDeltaBytes                        = 1048576                                   {product} {ergonomic}
   size_t MinHeapSize                              = 8388608                                   {product} {command line}
    uintx NonNMethodCodeHeapSize                   = 5839372                                {pd product} {ergonomic}
    uintx NonProfiledCodeHeapSize                  = 122909434                              {pd product} {ergonomic}
    uintx ProfiledCodeHeapSize                     = 122909434                              {pd product} {ergonomic}
    uintx ReservedCodeCacheSize                    = 251658240                              {pd product} {ergonomic}
     bool SegmentedCodeCache                       = true                                      {product} {ergonomic}
   size_t SoftMaxHeapSize                          = 1986002944                             {manageable} {ergonomic}
     bool UseCompressedOops                        = true                           {product lp64_product} {ergonomic}
     bool UseG1GC                                  = true                                      {product} {ergonomic}
     bool UseLargePagesIndividualAllocation        = false                                  {pd product} {ergonomic}

Logging:
Log output configuration:
 #0: stdout all=warning uptime,level,tags foldmultilines=false
 #1: stderr all=off uptime,level,tags foldmultilines=false

Environment Variables:
PATH=C:\Program Files\Common Files\Oracle\Java\javapath;C:\Windows\system32;C:\Windows;C:\Windows\System32\Wbem;C:\Windows\System32\WindowsPowerShell\v1.0\;C:\Windows\System32\OpenSSH\;C:\Program Files\Git\cmd;C:\Users\Mahedi\AppData\Local\Microsoft\WindowsApps;;C:\Program Files\JetBrains\IntelliJ IDEA Community Edition 2024.1.2\bin;
USERNAME=Mahedi
OS=Windows_NT
PROCESSOR_IDENTIFIER=AMD64 Family 25 Model 80 Stepping 0, AuthenticAMD
TMP=C:\Users\Mahedi\AppData\Local\Temp
TEMP=C:\Users\Mahedi\AppData\Local\Temp




Periodic native trim disabled

JNI global refs:
JNI global refs: 8, weak refs: 0

JNI global refs memory usage: 835, weak refs: 833

Process memory usage:
Resident Set Size: 73764K (0% of 7755276K total physical memory with 457024K free physical memory)

OOME stack traces (most recent first):
Classloader memory used:
Loader bootstrap                                                                       : 9639K
Loader jdk.internal.loader.ClassLoaders$AppClassLoader                                 : 6432K
Loader jdk.internal.loader.ClassLoaders$PlatformClassLoader                            : 452K

---------------  S Y S T E M  ---------------

OS:
 Windows 10 , 64 bit Build 19041 (10.0.19041.5915)
OS uptime: 0 days 3:56 hours

CPU: total 12 (initial active 12) (12 cores per cpu, 2 threads per core) family 25 model 80 stepping 0 microcode 0x0, cx8, cmov, fxsr, ht, mmx, 3dnowpref, sse, sse2, sse3, ssse3, sse4a, sse4.1, sse4.2, popcnt, lzcnt, tsc, tscinvbit, avx, avx2, aes, erms, clmul, bmi1, bmi2, adx, sha, fma, vzeroupper, clflush, clflushopt, rdtscp, rdpid, fsrm, f16c, pku, cet_ss
Processor Information for the first 12 processors :
  Max Mhz: 3901, Current Mhz: 3901, Mhz Limit: 3901

Memory: 4k page, system-wide physical 7573M (446M free)
TotalPageFile size 19861M (AvailPageFile size 3M)
current process WorkingSet (physical memory assigned to process): 72M, peak: 72M
current process commit charge ("private bytes"): 110M, peak: 111M

vm_info: OpenJDK 64-Bit Server VM (21.0.6+-13391695-b895.109) for windows-amd64 JRE (21.0.6+-13391695-b895.109), built on 2025-04-22T21:19:17Z by "builder" with MS VC++ 16.10 / 16.11 (VS2019)

END.
